<?xml version="1.0" encoding="UTF-8"?>
<testng-results ignored="0" total="1" passed="1" failed="0" skipped="0">
  <reporter-output>
  </reporter-output>
  <suite started-at="2022-04-16T21:58:45 IST" name="Default suite" finished-at="2022-04-16T21:58:48 IST" duration-ms="3336">
    <groups>
    </groups>
    <test started-at="2022-04-16T21:58:45 IST" name="Default test" finished-at="2022-04-16T21:58:48 IST" duration-ms="3336">
      <class name="demoAPI.HttpDeleteMethod">
        <test-method signature="DeleteMethodAutomation()[pri:0, instance:demoAPI.HttpDeleteMethod@1f3f4916]" started-at="2022-04-16T21:58:45 IST" name="DeleteMethodAutomation" finished-at="2022-04-16T21:58:48 IST" duration-ms="3280" status="PASS">
          <reporter-output>
          </reporter-output>
        </test-method> <!-- DeleteMethodAutomation -->
      </class> <!-- demoAPI.HttpDeleteMethod -->
    </test> <!-- Default test -->
  </suite> <!-- Default suite -->
</testng-results>
